<?xml version="1.0" encoding="UTF-8"?>
<testng-results skipped="0" failed="0" ignored="0" total="1" passed="1">
  <reporter-output>
  </reporter-output>
  <suite name="Default suite" duration-ms="10677" started-at="2019-08-09T10:03:56Z" finished-at="2019-08-09T10:04:06Z">
    <groups>
    </groups>
    <test name="Default test" duration-ms="10677" started-at="2019-08-09T10:03:56Z" finished-at="2019-08-09T10:04:06Z">
      <class name="testCaseModules.module1.module1_TC1">
        <test-method status="PASS" signature="beforeMethod(java.lang.reflect.Method)[pri:0, instance:testCaseModules.module1.module1_TC1@3b94d659]" name="beforeMethod" is-config="true" duration-ms="6466" started-at="2019-08-09T10:03:56Z" finished-at="2019-08-09T10:04:02Z">
          <params>
            <param index="0">
              <value>
                <![CDATA[public void testCaseModules.module1.module1_TC1.TC1()]]>
              </value>
            </param>
          </params>
          <reporter-output>
          </reporter-output>
        </test-method> <!-- beforeMethod -->
        <test-method status="PASS" signature="TC1()[pri:0, instance:testCaseModules.module1.module1_TC1@3b94d659]" name="TC1" duration-ms="1216" started-at="2019-08-09T10:04:02Z" finished-at="2019-08-09T10:04:03Z">
          <reporter-output>
          </reporter-output>
        </test-method> <!-- TC1 -->
        <test-method status="PASS" signature="afterMethod(org.testng.ITestResult)[pri:0, instance:testCaseModules.module1.module1_TC1@3b94d659]" name="afterMethod" is-config="true" duration-ms="2693" started-at="2019-08-09T10:04:03Z" finished-at="2019-08-09T10:04:06Z">
          <params>
            <param index="0">
              <value>
                <![CDATA[[TestResult name=TC1 status=SUCCESS method=module1_TC1.TC1()[pri:0, instance:testCaseModules.module1.module1_TC1@3b94d659] output={null}]]]>
              </value>
            </param>
          </params>
          <reporter-output>
          </reporter-output>
        </test-method> <!-- afterMethod -->
        <test-method status="PASS" signature="endTest()[pri:0, instance:testCaseModules.module1.module1_TC1@3b94d659]" name="endTest" is-config="true" duration-ms="283" started-at="2019-08-09T10:04:06Z" finished-at="2019-08-09T10:04:06Z">
          <reporter-output>
          </reporter-output>
        </test-method> <!-- endTest -->
        <test-method status="PASS" signature="afterSuite()[pri:0, instance:testCaseModules.module1.module1_TC1@3b94d659]" name="afterSuite" is-config="true" duration-ms="579" started-at="2019-08-09T10:04:06Z" finished-at="2019-08-09T10:04:07Z">
          <reporter-output>
          </reporter-output>
        </test-method> <!-- afterSuite -->
      </class> <!-- testCaseModules.module1.module1_TC1 -->
    </test> <!-- Default test -->
  </suite> <!-- Default suite -->
</testng-results>
