<?xml version="1.0" encoding="UTF-8"?>
<!-- Generated by org.testng.reporters.JUnitXMLReporter -->
<testsuite hostname="INLT2081" ignored="2" name="Test" tests="3" failures="0" timestamp="06 Aug 2019 10:18:35 GMT" time="26.939" errors="0">
  <testcase name="TC1" time="1.28" classname="testCaseModules.module1.module1_TC1"/>
  <testcase name="TC2" time="1.737" classname="testCaseModules.module1.TC2"/>
  <testcase name="TC3" time="1.076" classname="testCaseModules.module1.TC3"/>
  <testcase name="@AfterSuite afterSuite" time="0.0" classname="superBase.TestBase">
    <ignored/>
  </testcase> <!-- @AfterSuite afterSuite -->
  <testcase name="@AfterSuite afterSuite" time="0.0" classname="superBase.TestBase">
    <ignored/>
  </testcase> <!-- @AfterSuite afterSuite -->
</testsuite> <!-- Test -->
